#
# A fatal error has been detected by the Java Runtime Environment:
#
#  EXCEPTION_ACCESS_VIOLATION (0xc0000005) at pc=0x00007ffe4c8a727d, pid=8816, tid=788
#
# JRE version: OpenJDK Runtime Environment (11.0.10) (build 11.0.10+0-b96-7249189)
# Java VM: OpenJDK 64-Bit Server VM (11.0.10+0-b96-7249189, mixed mode, tiered, compressed oops, g1 gc, windows-amd64)
# Problematic frame:
# V  [jvm.dll+0x50727d]
#
# No core dump will be written. Minidumps are not enabled by default on client versions of Windows
#
# If you would like to submit a bug report, please visit:
#   https://bugreport.java.com/bugreport/crash.jsp
#

---------------  S U M M A R Y ------------

Command Line: --add-opens=java.base/java.util=ALL-UNNAMED --add-opens=java.base/java.lang=ALL-UNNAMED --add-opens=java.base/java.lang.invoke=ALL-UNNAMED --add-opens=java.base/java.util=ALL-UNNAMED --add-opens=java.prefs/java.util.prefs=ALL-UNNAMED --add-opens=java.prefs/java.util.prefs=ALL-UNNAMED --add-opens=java.base/java.nio.charset=ALL-UNNAMED --add-opens=java.base/java.net=ALL-UNNAMED --add-opens=java.base/java.util.concurrent.atomic=ALL-UNNAMED -Xmx2048m -Dfile.encoding=UTF-8 -Duser.country=ID -Duser.language=en -Duser.variant org.gradle.launcher.daemon.bootstrap.GradleDaemon 7.0.2

Host: Intel(R) Celeron(R) N4120 CPU @ 1.10GHz, 4 cores, 3G,  Windows 10 , 64 bit Build 19041 (10.0.19041.1151)
Time: Thu Sep 23 18:30:47 2021 SE Asia Standard Time elapsed time: 30.476979 seconds (0d 0h 0m 30s)

---------------  T H R E A D  ---------------

Current thread (0x000001dafef4b000):  JavaThread "C2 CompilerThread0" daemon [_thread_in_native, id=788, stack(0x0000002b4a500000,0x0000002b4a600000)]


Current CompileTask:
C2:  30477 6616   !   4       java.net.URLClassLoader$1::run (63 bytes)

Stack: [0x0000002b4a500000,0x0000002b4a600000],  sp=0x0000002b4a5fadc0,  free space=1003k
Native frames: (J=compiled Java code, j=interpreted, Vv=VM code, C=native code)
V  [jvm.dll+0x50727d]
V  [jvm.dll+0x506e28]
V  [jvm.dll+0x506347]
V  [jvm.dll+0x203253]
V  [jvm.dll+0x1fd07c]
V  [jvm.dll+0x1fa77f]
V  [jvm.dll+0x18354c]
V  [jvm.dll+0x208ee7]
V  [jvm.dll+0x207731]
V  [jvm.dll+0x6eb1cf]
V  [jvm.dll+0x6e3d45]
V  [jvm.dll+0x5ebe96]
C  [ucrtbase.dll+0x21bb2]
C  [KERNEL32.DLL+0x17034]
C  [ntdll.dll+0x52651]


siginfo: EXCEPTION_ACCESS_VIOLATION (0xc0000005), writing address 0x0000000000000000


Register to memory mapping:

RIP=0x00007ffe4c8a727d jvm.dll
RAX=0x000001da88242080 points into unknown readable memory: 0x0000000000000080 | 80 00 00 00 00 00 00 00
RBX=0x000001da89b4bb38 points into unknown readable memory: 0x00007ffe4cb98e58 | 58 8e b9 4c fe 7f 00 00
RCX=0x0 is NULL
RDX=0x000001da88242080 points into unknown readable memory: 0x0000000000000080 | 80 00 00 00 00 00 00 00
RSP=0x0000002b4a5fadc0 is pointing into the stack for thread: 0x000001dafef4b000
RBP=0x0000000000000008 is an unknown value
RSI=0x000000000000035a is an unknown value
RDI=0x0000002b4a5fb2f0 is pointing into the stack for thread: 0x000001dafef4b000
R8 =0x000001da887fd7a8 points into unknown readable memory: 0x000001da8404d150 | 50 d1 04 84 da 01 00 00
R9 =0x0000002b4a5fb2f0 is pointing into the stack for thread: 0x000001dafef4b000
R10=0xfefefefefefefeff is an unknown value
R11=0x8080808080808080 is an unknown value
R12=0x0000002b4a5faeb8 is pointing into the stack for thread: 0x000001dafef4b000
R13=0x0000002b4a5fae90 is pointing into the stack for thread: 0x000001dafef4b000
R14=0x000001da89b492d8 points into unknown readable memory: 0x00007ffe4cbf9838 | 38 98 bf 4c fe 7f 00 00
R15=0x000001da89b492d8 points into unknown readable memory: 0x00007ffe4cbf9838 | 38 98 bf 4c fe 7f 00 00


Registers:
RAX=0x000001da88242080, RBX=0x000001da89b4bb38, RCX=0x0000000000000000, RDX=0x000001da88242080
RSP=0x0000002b4a5fadc0, RBP=0x0000000000000008, RSI=0x000000000000035a, RDI=0x0000002b4a5fb2f0
R8 =0x000001da887fd7a8, R9 =0x0000002b4a5fb2f0, R10=0xfefefefefefefeff, R11=0x8080808080808080
R12=0x0000002b4a5faeb8, R13=0x0000002b4a5fae90, R14=0x000001da89b492d8, R15=0x000001da89b492d8
RIP=0x00007ffe4c8a727d, EFLAGS=0x0000000000010282

Top of Stack: (sp=0x0000002b4a5fadc0)
0x0000002b4a5fadc0:   000001da89b4bb38 000000000000035a
0x0000002b4a5fadd0:   000001da883c8e20 0000000000000006
0x0000002b4a5fade0:   000001da89f90398 0000000000000002
0x0000002b4a5fadf0:   0000002b4a5faf20 00007ffe4c8a6e28
0x0000002b4a5fae00:   000001da89b4bb38 0000000000000008
0x0000002b4a5fae10:   000000000000035a 0000002b4a5faeb8
0x0000002b4a5fae20:   0000002b4a5fbcc8 00007ffe4c96c470
0x0000002b4a5fae30:   000001dafef459c0 0000000000000009
0x0000002b4a5fae40:   000001da8830d3a0 0000002b4a5faf70
0x0000002b4a5fae50:   0000000000000000 0000000000000002
0x0000002b4a5fae60:   0000002b4a5fb2f0 00007ffe4c8a6347
0x0000002b4a5fae70:   0000002b4a5fb2f0 0000000000000001
0x0000002b4a5fae80:   0000000000000002 0000002b4a5faf20
0x0000002b4a5fae90:   000001dafef459c0 0000000000000400
0x0000002b4a5faea0:   000001da87fcb3a0 00007ffe0000035b
0x0000002b4a5faeb0:   0000000000000009 00007ffe4cc0de48 

Instructions: (pc=0x00007ffe4c8a727d)
0x00007ffe4c8a717d:   d0 c1 f8 03 83 e0 1f 8d 48 f8 f7 c1 f6 ff ff ff
0x00007ffe4c8a718d:   75 37 83 f8 09 74 32 48 8b 46 08 4d 8b c4 48 8b
0x00007ffe4c8a719d:   08 48 8b 41 08 48 8b cf 48 8b 18 48 8b 07 48 8b
0x00007ffe4c8a71ad:   d3 ff 50 20 84 c0 74 05 49 3b dc 75 0c 8b 43 2c
0x00007ffe4c8a71bd:   48 8b f3 24 0f 3c 08 74 9b 48 85 f6 74 11 8b 46
0x00007ffe4c8a71cd:   2c 83 e0 07 3c 05 75 07 48 8b 46 08 48 8b 30 45
0x00007ffe4c8a71dd:   8b 7e 28 44 3b 7f 28 72 0c 41 8b d7 48 8d 4f 20
0x00007ffe4c8a71ed:   e8 ce 51 0c 00 48 8b 47 30 48 8d 56 01 48 8b cf
0x00007ffe4c8a71fd:   4a 89 14 f8 48 8b d6 e8 f7 ea da ff 4c 8b 7c 24
0x00007ffe4c8a720d:   20 84 c0 75 09 48 8b af 90 09 00 00 eb 12 8b 46
0x00007ffe4c8a721d:   28 3b 47 28 73 0a 8b c8 48 8b 47 30 48 8b 2c c8
0x00007ffe4c8a722d:   48 83 7d 10 00 75 21 8b 7d 50 8d 47 01 89 45 50
0x00007ffe4c8a723d:   3b 7d 40 72 0b 8b d7 48 8d 4d 38 e8 73 51 0c 00
0x00007ffe4c8a724d:   48 8b 45 48 4c 89 34 f8 48 8b 74 24 50 4c 8b 64
0x00007ffe4c8a725d:   24 58 48 8b 6c 24 48 48 8b 5c 24 40 48 83 c4 28
0x00007ffe4c8a726d:   41 5e 5f c3 0f 1f 00 b8 6f 50 00 2b 6f 50 00 00
0x00007ffe4c8a727d:   01 01 01 01 01 01 01 01 01 01 01 01 01 01 01 01
0x00007ffe4c8a728d:   01 01 01 01 01 01 01 01 01 01 01 01 01 01 01 01
0x00007ffe4c8a729d:   01 01 01 01 01 01 01 01 01 01 01 01 01 01 01 01
0x00007ffe4c8a72ad:   01 01 01 01 01 01 01 01 01 01 01 01 01 01 01 01
0x00007ffe4c8a72bd:   01 01 01 01 01 01 01 01 01 01 01 01 01 01 01 01
0x00007ffe4c8a72cd:   01 01 01 01 01 01 01 01 01 01 01 01 01 01 01 01
0x00007ffe4c8a72dd:   01 01 01 01 01 01 01 01 00 00 00 01 01 01 01 01
0x00007ffe4c8a72ed:   01 01 01 01 01 01 01 01 00 01 01 01 01 01 01 01
0x00007ffe4c8a72fd:   01 01 01 00 00 00 00 00 00 00 00 00 00 00 01 00
0x00007ffe4c8a730d:   00 00 00 01 00 00 01 01 01 01 01 01 01 01 01 01
0x00007ffe4c8a731d:   01 01 01 01 01 01 01 01 00 00 00 01 01 01 01 01
0x00007ffe4c8a732d:   01 01 01 01 01 01 01 01 01 01 01 01 01 01 01 01
0x00007ffe4c8a733d:   01 01 01 01 01 01 01 01 01 01 01 01 01 01 01 01
0x00007ffe4c8a734d:   01 01 01 01 01 01 01 01 01 01 01 01 01 01 01 01
0x00007ffe4c8a735d:   01 01 01 01 01 01 01 01 01 01 01 01 01 01 00 01
0x00007ffe4c8a736d:   00 00 00 40 55 48 8b ec 48 83 ec 50 48 8b 41 10 


Stack slot to memory mapping:
stack at sp + 0 slots: 0x000001da89b4bb38 points into unknown readable memory: 0x00007ffe4cb98e58 | 58 8e b9 4c fe 7f 00 00
stack at sp + 1 slots: 0x000000000000035a is an unknown value
stack at sp + 2 slots: 0x000001da883c8e20 points into unknown readable memory: 0x00007ffe4cb84288 | 88 42 b8 4c fe 7f 00 00
stack at sp + 3 slots: 0x0000000000000006 is an unknown value
stack at sp + 4 slots: 0x000001da89f90398 points into unknown readable memory: 0x00007ffe4cbfaad8 | d8 aa bf 4c fe 7f 00 00
stack at sp + 5 slots: 0x0000000000000002 is an unknown value
stack at sp + 6 slots: 0x0000002b4a5faf20 is pointing into the stack for thread: 0x000001dafef4b000
stack at sp + 7 slots: 0x00007ffe4c8a6e28 jvm.dll


---------------  P R O C E S S  ---------------

Threads class SMR info:
_java_thread_list=0x000001da88720f10, length=41, elements={
0x000001dae8bba000, 0x000001dafeee7800, 0x000001dafeeeb000, 0x000001dafef43800,
0x000001dafef45000, 0x000001dafef47000, 0x000001dafef4b000, 0x000001dafef54000,
0x000001dafef5f800, 0x000001daff9e0800, 0x000001da8533e800, 0x000001da857c7800,
0x000001da856fd800, 0x000001da84c84800, 0x000001da8540e800, 0x000001da8523c800,
0x000001da85a24800, 0x000001da856cf800, 0x000001da851ba000, 0x000001da85711800,
0x000001da85713000, 0x000001da85714000, 0x000001da85712000, 0x000001da8570e000,
0x000001da8570f800, 0x000001da85714800, 0x000001da8570f000, 0x000001da85710800,
0x000001da87d90800, 0x000001da87d8f000, 0x000001da87d8c800, 0x000001da87d8d800,
0x000001da87d94000, 0x000001da87d91800, 0x000001da87d8e000, 0x000001da87d97000,
0x000001da87d96800, 0x000001da87d94800, 0x000001da87d92000, 0x000001da87d93000,
0x000001da87d9a800
}

Java Threads: ( => current thread )
  0x000001dae8bba000 JavaThread "main" [_thread_blocked, id=4404, stack(0x0000002b49900000,0x0000002b49a00000)]
  0x000001dafeee7800 JavaThread "Reference Handler" daemon [_thread_blocked, id=5700, stack(0x0000002b4a000000,0x0000002b4a100000)]
  0x000001dafeeeb000 JavaThread "Finalizer" daemon [_thread_blocked, id=4208, stack(0x0000002b4a100000,0x0000002b4a200000)]
  0x000001dafef43800 JavaThread "Signal Dispatcher" daemon [_thread_blocked, id=4656, stack(0x0000002b4a200000,0x0000002b4a300000)]
  0x000001dafef45000 JavaThread "Attach Listener" daemon [_thread_blocked, id=2356, stack(0x0000002b4a300000,0x0000002b4a400000)]
  0x000001dafef47000 JavaThread "Service Thread" daemon [_thread_blocked, id=6692, stack(0x0000002b4a400000,0x0000002b4a500000)]
=>0x000001dafef4b000 JavaThread "C2 CompilerThread0" daemon [_thread_in_native, id=788, stack(0x0000002b4a500000,0x0000002b4a600000)]
  0x000001dafef54000 JavaThread "C1 CompilerThread0" daemon [_thread_blocked, id=4908, stack(0x0000002b4a600000,0x0000002b4a700000)]
  0x000001dafef5f800 JavaThread "Sweeper thread" daemon [_thread_blocked, id=6856, stack(0x0000002b4a700000,0x0000002b4a800000)]
  0x000001daff9e0800 JavaThread "Common-Cleaner" daemon [_thread_blocked, id=4076, stack(0x0000002b4a800000,0x0000002b4a900000)]
  0x000001da8533e800 JavaThread "Daemon health stats" [_thread_blocked, id=5132, stack(0x0000002b4ab00000,0x0000002b4ac00000)]
  0x000001da857c7800 JavaThread "Incoming local TCP Connector on port 57837" [_thread_in_native, id=10376, stack(0x0000002b4ac00000,0x0000002b4ad00000)]
  0x000001da856fd800 JavaThread "Daemon periodic checks" [_thread_blocked, id=12136, stack(0x0000002b4ad00000,0x0000002b4ae00000)]
  0x000001da84c84800 JavaThread "Daemon" [_thread_blocked, id=7576, stack(0x0000002b4ae00000,0x0000002b4af00000)]
  0x000001da8540e800 JavaThread "Handler for socket connection from /127.0.0.1:57837 to /127.0.0.1:57838" [_thread_in_native, id=3588, stack(0x0000002b4af00000,0x0000002b4b000000)]
  0x000001da8523c800 JavaThread "Cancel handler" [_thread_blocked, id=12028, stack(0x0000002b4b000000,0x0000002b4b100000)]
  0x000001da85a24800 JavaThread "Daemon worker" [_thread_blocked, id=10844, stack(0x0000002b4b100000,0x0000002b4b200000)]
  0x000001da856cf800 JavaThread "Asynchronous log dispatcher for DefaultDaemonConnection: socket connection from /127.0.0.1:57837 to /127.0.0.1:57838" [_thread_blocked, id=68, stack(0x0000002b4b200000,0x0000002b4b300000)]
  0x000001da851ba000 JavaThread "Stdin handler" [_thread_blocked, id=2988, stack(0x0000002b4b300000,0x0000002b4b400000)]
  0x000001da85711800 JavaThread "Daemon client event forwarder" [_thread_blocked, id=2532, stack(0x0000002b4b400000,0x0000002b4b500000)]
  0x000001da85713000 JavaThread "Cache worker for file hash cache (C:\Users\Pro\.gradle\caches\7.0.2\fileHashes)" [_thread_blocked, id=264, stack(0x0000002b4b700000,0x0000002b4b800000)]
  0x000001da85714000 JavaThread "File lock request listener" [_thread_in_native, id=3532, stack(0x0000002b4b800000,0x0000002b4b900000)]
  0x000001da85712000 JavaThread "Cache worker for journal cache (C:\Users\Pro\.gradle\caches\journal-1)" [_thread_blocked, id=2696, stack(0x0000002b4b900000,0x0000002b4ba00000)]
  0x000001da8570e000 JavaThread "Cache worker for file hash cache (C:\xampp\htdocs\Dokumentasi-Mp1-Whagea\Dokumentasi-Tugas-MP-1\Myinsta\.gradle\7.0.2\fileHashes)" [_thread_blocked, id=10004, stack(0x0000002b4ba00000,0x0000002b4bb00000)]
  0x000001da8570f800 JavaThread "File watcher server" daemon [_thread_in_native, id=9604, stack(0x0000002b4bb00000,0x0000002b4bc00000)]
  0x000001da85714800 JavaThread "File watcher consumer" daemon [_thread_blocked, id=4044, stack(0x0000002b4bc00000,0x0000002b4bd00000)]
  0x000001da8570f000 JavaThread "jar transforms" [_thread_blocked, id=5644, stack(0x0000002b4bd00000,0x0000002b4be00000)]
  0x000001da85710800 JavaThread "jar transforms Thread 2" [_thread_blocked, id=2332, stack(0x0000002b4be00000,0x0000002b4bf00000)]
  0x000001da87d90800 JavaThread "jar transforms Thread 3" [_thread_blocked, id=2008, stack(0x0000002b4bf00000,0x0000002b4c000000)]
  0x000001da87d8f000 JavaThread "jar transforms Thread 4" [_thread_blocked, id=7056, stack(0x0000002b4c000000,0x0000002b4c100000)]
  0x000001da87d8c800 JavaThread "Cache worker for checksums cache (C:\xampp\htdocs\Dokumentasi-Mp1-Whagea\Dokumentasi-Tugas-MP-1\Myinsta\.gradle\checksums)" [_thread_blocked, id=604, stack(0x0000002b4c100000,0x0000002b4c200000)]
  0x000001da87d8d800 JavaThread "Cache worker for cache directory md-supplier (C:\Users\Pro\.gradle\caches\7.0.2\md-supplier)" [_thread_blocked, id=10568, stack(0x0000002b4c200000,0x0000002b4c300000)]
  0x000001da87d94000 JavaThread "Cache worker for cache directory md-rule (C:\Users\Pro\.gradle\caches\7.0.2\md-rule)" [_thread_blocked, id=4396, stack(0x0000002b4c300000,0x0000002b4c400000)]
  0x000001da87d91800 JavaThread "Cache worker for execution history cache (C:\Users\Pro\.gradle\caches\7.0.2\executionHistory)" [_thread_blocked, id=2024, stack(0x0000002b4c400000,0x0000002b4c500000)]
  0x000001da87d8e000 JavaThread "Cache worker for file content cache (C:\Users\Pro\.gradle\caches\7.0.2\fileContent)" [_thread_blocked, id=11676, stack(0x0000002b4c500000,0x0000002b4c600000)]
  0x000001da87d97000 JavaThread "Cache worker for dependencies-accessors (C:\xampp\htdocs\Dokumentasi-Mp1-Whagea\Dokumentasi-Tugas-MP-1\Myinsta\.gradle\7.0.2\dependencies-accessors)" [_thread_blocked, id=2560, stack(0x0000002b4c600000,0x0000002b4c700000)]
  0x000001da87d96800 JavaThread "Cache worker for Build Output Cleanup Cache (C:\xampp\htdocs\Dokumentasi-Mp1-Whagea\Dokumentasi-Tugas-MP-1\Myinsta\.gradle\buildOutputCleanup)" [_thread_blocked, id=10532, stack(0x0000002b4c700000,0x0000002b4c800000)]
  0x000001da87d94800 JavaThread "Build operations" [_thread_blocked, id=7584, stack(0x0000002b4c800000,0x0000002b4c900000)]
  0x000001da87d92000 JavaThread "Build operations Thread 2" [_thread_blocked, id=11448, stack(0x0000002b4c900000,0x0000002b4ca00000)]
  0x000001da87d93000 JavaThread "Build operations Thread 3" [_thread_blocked, id=2668, stack(0x0000002b4ca00000,0x0000002b4cb00000)]
  0x000001da87d9a800 JavaThread "Build operations Thread 4" [_thread_blocked, id=8272, stack(0x0000002b4cb00000,0x0000002b4cc00000)]

Other Threads:
  0x000001dafeee3800 VMThread "VM Thread" [stack: 0x0000002b49f00000,0x0000002b4a000000] [id=5144]
  0x000001daff9f9800 WatcherThread [stack: 0x0000002b4a900000,0x0000002b4aa00000] [id=9732]
  0x000001dae8bd4000 GCTaskThread "GC Thread#0" [stack: 0x0000002b49a00000,0x0000002b49b00000] [id=3096]
  0x000001da846a8000 GCTaskThread "GC Thread#1" [stack: 0x0000002b4aa00000,0x0000002b4ab00000] [id=6408]
  0x000001da8548b000 GCTaskThread "GC Thread#2" [stack: 0x0000002b4b500000,0x0000002b4b600000] [id=10060]
  0x000001da85d7b000 GCTaskThread "GC Thread#3" [stack: 0x0000002b4b600000,0x0000002b4b700000] [id=11780]
  0x000001dae8c08000 ConcurrentGCThread "G1 Main Marker" [stack: 0x0000002b49b00000,0x0000002b49c00000] [id=3432]
  0x000001dae8c09800 ConcurrentGCThread "G1 Conc#0" [stack: 0x0000002b49c00000,0x0000002b49d00000] [id=3268]
  0x000001dae8c5f800 ConcurrentGCThread "G1 Refine#0" [stack: 0x0000002b49d00000,0x0000002b49e00000] [id=10892]
  0x000001dae8c61000 ConcurrentGCThread "G1 Young RemSet Sampling" [stack: 0x0000002b49e00000,0x0000002b49f00000] [id=8920]

Threads with active compile tasks:
C2 CompilerThread0  30549 6616   !   4       java.net.URLClassLoader$1::run (63 bytes)

VM state:at safepoint (normal execution)

VM Mutex/Monitor currently owned by a thread:  ([mutex/lock_event])
[0x000001dae8bb8a40] Threads_lock - owner thread: 0x000001dafeee3800
[0x000001dae8bb8920] Heap_lock - owner thread: 0x000001da85a24800

Heap address: 0x0000000080000000, size: 2048 MB, Compressed Oops mode: 32-bit
Narrow klass base: 0x0000000000000000, Narrow klass shift: 3
Compressed class space size: 1073741824 Address: 0x0000000100000000

Heap:
 garbage-first heap   total 134144K, used 106270K [0x0000000080000000, 0x0000000100000000)
  region size 1024K, 29 young (29696K), 1 survivors (1024K)
 Metaspace       used 62557K, capacity 64352K, committed 64512K, reserved 1105920K
  class space    used 7985K, capacity 8615K, committed 8704K, reserved 1048576K
Heap Regions: E=young(eden), S=young(survivor), O=old, HS=humongous(starts), HC=humongous(continues), CS=collection set, F=free, A=archive, TAMS=top-at-mark-start (previous, next)
|   0|0x0000000080000000, 0x0000000080100000, 0x0000000080100000|100%| O|  |TAMS 0x0000000080100000, 0x0000000080100000| Untracked 
|   1|0x0000000080100000, 0x0000000080200000, 0x0000000080200000|100%| O|  |TAMS 0x0000000080200000, 0x0000000080200000| Untracked 
|   2|0x0000000080200000, 0x0000000080300000, 0x0000000080300000|100%| O|  |TAMS 0x0000000080300000, 0x0000000080300000| Untracked 
|   3|0x0000000080300000, 0x0000000080400000, 0x0000000080400000|100%|HS|  |TAMS 0x0000000080400000, 0x0000000080400000| Complete 
|   4|0x0000000080400000, 0x0000000080500000, 0x0000000080500000|100%|HC|  |TAMS 0x0000000080500000, 0x0000000080500000| Complete 
|   5|0x0000000080500000, 0x0000000080600000, 0x0000000080600000|100%|HC|  |TAMS 0x0000000080600000, 0x0000000080600000| Complete 
|   6|0x0000000080600000, 0x0000000080700000, 0x0000000080700000|100%| O|  |TAMS 0x0000000080700000, 0x0000000080700000| Untracked 
|   7|0x0000000080700000, 0x0000000080800000, 0x0000000080800000|100%| O|  |TAMS 0x0000000080800000, 0x0000000080800000| Untracked 
|   8|0x0000000080800000, 0x0000000080900000, 0x0000000080900000|100%| O|  |TAMS 0x0000000080900000, 0x0000000080900000| Untracked 
|   9|0x0000000080900000, 0x0000000080a00000, 0x0000000080a00000|100%| O|  |TAMS 0x0000000080a00000, 0x0000000080a00000| Untracked 
|  10|0x0000000080a00000, 0x0000000080b00000, 0x0000000080b00000|100%| O|  |TAMS 0x0000000080b00000, 0x0000000080b00000| Untracked 
|  11|0x0000000080b00000, 0x0000000080c00000, 0x0000000080c00000|100%| O|  |TAMS 0x0000000080c00000, 0x0000000080c00000| Untracked 
|  12|0x0000000080c00000, 0x0000000080d00000, 0x0000000080d00000|100%| O|  |TAMS 0x0000000080d00000, 0x0000000080d00000| Untracked 
|  13|0x0000000080d00000, 0x0000000080e00000, 0x0000000080e00000|100%| O|  |TAMS 0x0000000080e00000, 0x0000000080e00000| Untracked 
|  14|0x0000000080e00000, 0x0000000080f00000, 0x0000000080f00000|100%| O|  |TAMS 0x0000000080f00000, 0x0000000080f00000| Untracked 
|  15|0x0000000080f00000, 0x0000000081000000, 0x0000000081000000|100%| O|  |TAMS 0x0000000081000000, 0x0000000081000000| Untracked 
|  16|0x0000000081000000, 0x0000000081100000, 0x0000000081100000|100%|HS|  |TAMS 0x0000000081100000, 0x0000000081100000| Complete 
|  17|0x0000000081100000, 0x0000000081200000, 0x0000000081200000|100%|HC|  |TAMS 0x0000000081200000, 0x0000000081200000| Complete 
|  18|0x0000000081200000, 0x0000000081300000, 0x0000000081300000|100%|HS|  |TAMS 0x0000000081300000, 0x0000000081300000| Complete 
|  19|0x0000000081300000, 0x0000000081400000, 0x0000000081400000|100%|HC|  |TAMS 0x0000000081400000, 0x0000000081400000| Complete 
|  20|0x0000000081400000, 0x0000000081500000, 0x0000000081500000|100%|HC|  |TAMS 0x0000000081500000, 0x0000000081500000| Complete 
|  21|0x0000000081500000, 0x0000000081600000, 0x0000000081600000|100%|HS|  |TAMS 0x0000000081600000, 0x0000000081600000| Complete 
|  22|0x0000000081600000, 0x0000000081700000, 0x0000000081700000|100%|HC|  |TAMS 0x0000000081700000, 0x0000000081700000| Complete 
|  23|0x0000000081700000, 0x0000000081800000, 0x0000000081800000|100%|HC|  |TAMS 0x0000000081800000, 0x0000000081800000| Complete 
|  24|0x0000000081800000, 0x0000000081900000, 0x0000000081900000|100%|HC|  |TAMS 0x0000000081900000, 0x0000000081900000| Complete 
|  25|0x0000000081900000, 0x0000000081a00000, 0x0000000081a00000|100%|HC|  |TAMS 0x0000000081a00000, 0x0000000081a00000| Complete 
|  26|0x0000000081a00000, 0x0000000081b00000, 0x0000000081b00000|100%| O|  |TAMS 0x0000000081b00000, 0x0000000081b00000| Untracked 
|  27|0x0000000081b00000, 0x0000000081c00000, 0x0000000081c00000|100%| O|  |TAMS 0x0000000081c00000, 0x0000000081c00000| Untracked 
|  28|0x0000000081c00000, 0x0000000081d00000, 0x0000000081d00000|100%| O|  |TAMS 0x0000000081d00000, 0x0000000081d00000| Untracked 
|  29|0x0000000081d00000, 0x0000000081e00000, 0x0000000081e00000|100%| O|  |TAMS 0x0000000081e00000, 0x0000000081e00000| Untracked 
|  30|0x0000000081e00000, 0x0000000081f00000, 0x0000000081f00000|100%| O|  |TAMS 0x0000000081f00000, 0x0000000081f00000| Untracked 
|  31|0x0000000081f00000, 0x0000000082000000, 0x0000000082000000|100%| O|  |TAMS 0x0000000082000000, 0x0000000082000000| Untracked 
|  32|0x0000000082000000, 0x0000000082100000, 0x0000000082100000|100%| O|  |TAMS 0x0000000082100000, 0x0000000082100000| Untracked 
|  33|0x0000000082100000, 0x0000000082200000, 0x0000000082200000|100%| O|  |TAMS 0x0000000082200000, 0x0000000082200000| Untracked 
|  34|0x0000000082200000, 0x0000000082300000, 0x0000000082300000|100%| O|  |TAMS 0x0000000082300000, 0x0000000082300000| Untracked 
|  35|0x0000000082300000, 0x0000000082400000, 0x0000000082400000|100%| O|  |TAMS 0x0000000082400000, 0x0000000082400000| Untracked 
|  36|0x0000000082400000, 0x0000000082500000, 0x0000000082500000|100%| O|  |TAMS 0x0000000082500000, 0x0000000082500000| Untracked 
|  37|0x0000000082500000, 0x0000000082600000, 0x0000000082600000|100%| O|  |TAMS 0x0000000082600000, 0x0000000082600000| Untracked 
|  38|0x0000000082600000, 0x0000000082700000, 0x0000000082700000|100%| O|  |TAMS 0x0000000082700000, 0x0000000082700000| Untracked 
|  39|0x0000000082700000, 0x0000000082800000, 0x0000000082800000|100%| O|  |TAMS 0x0000000082800000, 0x0000000082800000| Untracked 
|  40|0x0000000082800000, 0x0000000082900000, 0x0000000082900000|100%|HS|  |TAMS 0x0000000082900000, 0x0000000082900000| Complete 
|  41|0x0000000082900000, 0x0000000082a00000, 0x0000000082a00000|100%|HC|  |TAMS 0x0000000082a00000, 0x0000000082a00000| Complete 
|  42|0x0000000082a00000, 0x0000000082b00000, 0x0000000082b00000|100%|HC|  |TAMS 0x0000000082b00000, 0x0000000082b00000| Complete 
|  43|0x0000000082b00000, 0x0000000082c00000, 0x0000000082c00000|100%|HC|  |TAMS 0x0000000082c00000, 0x0000000082c00000| Complete 
|  44|0x0000000082c00000, 0x0000000082d00000, 0x0000000082d00000|100%|HC|  |TAMS 0x0000000082d00000, 0x0000000082d00000| Complete 
|  45|0x0000000082d00000, 0x0000000082e00000, 0x0000000082e00000|100%|HS|  |TAMS 0x0000000082e00000, 0x0000000082e00000| Complete 
|  46|0x0000000082e00000, 0x0000000082f00000, 0x0000000082f00000|100%|HC|  |TAMS 0x0000000082f00000, 0x0000000082f00000| Complete 
|  47|0x0000000082f00000, 0x0000000083000000, 0x0000000083000000|100%|HC|  |TAMS 0x0000000083000000, 0x0000000083000000| Complete 
|  48|0x0000000083000000, 0x0000000083100000, 0x0000000083100000|100%| O|  |TAMS 0x0000000083100000, 0x0000000083100000| Untracked 
|  49|0x0000000083100000, 0x0000000083200000, 0x0000000083200000|100%| O|  |TAMS 0x0000000083200000, 0x0000000083200000| Untracked 
|  50|0x0000000083200000, 0x0000000083300000, 0x0000000083300000|100%| O|  |TAMS 0x0000000083300000, 0x0000000083300000| Untracked 
|  51|0x0000000083300000, 0x0000000083400000, 0x0000000083400000|100%| O|  |TAMS 0x0000000083400000, 0x0000000083400000| Untracked 
|  52|0x0000000083400000, 0x0000000083500000, 0x0000000083500000|100%| O|  |TAMS 0x0000000083500000, 0x0000000083500000| Untracked 
|  53|0x0000000083500000, 0x0000000083600000, 0x0000000083600000|100%| O|  |TAMS 0x0000000083600000, 0x0000000083600000| Untracked 
|  54|0x0000000083600000, 0x0000000083700000, 0x0000000083700000|100%| O|  |TAMS 0x0000000083700000, 0x0000000083700000| Untracked 
|  55|0x0000000083700000, 0x0000000083800000, 0x0000000083800000|100%| O|  |TAMS 0x0000000083800000, 0x0000000083800000| Untracked 
|  56|0x0000000083800000, 0x0000000083900000, 0x0000000083900000|100%| O|  |TAMS 0x0000000083900000, 0x0000000083900000| Untracked 
|  57|0x0000000083900000, 0x0000000083a00000, 0x0000000083a00000|100%| O|  |TAMS 0x0000000083a00000, 0x0000000083a00000| Untracked 
|  58|0x0000000083a00000, 0x0000000083b00000, 0x0000000083b00000|100%|HS|  |TAMS 0x0000000083b00000, 0x0000000083b00000| Complete 
|  59|0x0000000083b00000, 0x0000000083c00000, 0x0000000083c00000|100%| O|  |TAMS 0x0000000083bb4400, 0x0000000083c00000| Untracked 
|  60|0x0000000083c00000, 0x0000000083d00000, 0x0000000083d00000|100%|HS|  |TAMS 0x0000000083c00000, 0x0000000083d00000| Complete 
|  61|0x0000000083d00000, 0x0000000083e00000, 0x0000000083e00000|100%|HS|  |TAMS 0x0000000083d00000, 0x0000000083e00000| Complete 
|  62|0x0000000083e00000, 0x0000000083f00000, 0x0000000083f00000|100%|HS|  |TAMS 0x0000000083e00000, 0x0000000083f00000| Complete 
|  63|0x0000000083f00000, 0x0000000084000000, 0x0000000084000000|100%|HC|  |TAMS 0x0000000083f00000, 0x0000000084000000| Complete 
|  64|0x0000000084000000, 0x0000000084100000, 0x0000000084100000|100%|HC|  |TAMS 0x0000000084000000, 0x0000000084100000| Complete 
|  65|0x0000000084100000, 0x0000000084200000, 0x0000000084200000|100%|HS|  |TAMS 0x0000000084100000, 0x0000000084200000| Complete 
|  66|0x0000000084200000, 0x0000000084300000, 0x0000000084300000|100%|HC|  |TAMS 0x0000000084200000, 0x0000000084300000| Complete 
|  67|0x0000000084300000, 0x0000000084400000, 0x0000000084400000|100%| O|  |TAMS 0x0000000084300000, 0x0000000084400000| Untracked 
|  68|0x0000000084400000, 0x0000000084500000, 0x0000000084500000|100%| O|  |TAMS 0x0000000084400000, 0x0000000084500000| Untracked 
|  69|0x0000000084500000, 0x0000000084600000, 0x0000000084600000|100%| O|  |TAMS 0x0000000084500000, 0x0000000084600000| Untracked 
|  70|0x0000000084600000, 0x0000000084700000, 0x0000000084700000|100%| O|  |TAMS 0x0000000084600000, 0x0000000084700000| Untracked 
|  71|0x0000000084700000, 0x0000000084800000, 0x0000000084800000|100%| O|  |TAMS 0x0000000084700000, 0x0000000084800000| Untracked 
|  72|0x0000000084800000, 0x0000000084900000, 0x0000000084900000|100%| O|  |TAMS 0x0000000084800000, 0x0000000084900000| Untracked 
|  73|0x0000000084900000, 0x0000000084a00000, 0x0000000084a00000|100%| O|  |TAMS 0x0000000084900000, 0x0000000084a00000| Untracked 
|  74|0x0000000084a00000, 0x0000000084b00000, 0x0000000084b00000|100%| O|  |TAMS 0x0000000084a00000, 0x0000000084b00000| Untracked 
|  75|0x0000000084b00000, 0x0000000084b51de8, 0x0000000084c00000| 31%| O|  |TAMS 0x0000000084b00000, 0x0000000084c00000| Untracked 
|  76|0x0000000084c00000, 0x0000000084c00000, 0x0000000084d00000|  0%| F|  |TAMS 0x0000000084c00000, 0x0000000084c00000| Untracked 
|  77|0x0000000084d00000, 0x0000000084d00000, 0x0000000084e00000|  0%| F|  |TAMS 0x0000000084d00000, 0x0000000084d00000| Untracked 
|  78|0x0000000084e00000, 0x0000000084e00000, 0x0000000084f00000|  0%| F|  |TAMS 0x0000000084e00000, 0x0000000084e00000| Untracked 
|  79|0x0000000084f00000, 0x0000000084f00000, 0x0000000085000000|  0%| F|  |TAMS 0x0000000084f00000, 0x0000000084f00000| Untracked 
|  80|0x0000000085000000, 0x0000000085000000, 0x0000000085100000|  0%| F|  |TAMS 0x0000000085000000, 0x0000000085000000| Untracked 
|  81|0x0000000085100000, 0x0000000085100000, 0x0000000085200000|  0%| F|  |TAMS 0x0000000085100000, 0x0000000085100000| Untracked 
|  82|0x0000000085200000, 0x0000000085200000, 0x0000000085300000|  0%| F|  |TAMS 0x0000000085200000, 0x0000000085200000| Untracked 
|  83|0x0000000085300000, 0x0000000085300000, 0x0000000085400000|  0%| F|  |TAMS 0x0000000085300000, 0x0000000085300000| Untracked 
|  84|0x0000000085400000, 0x0000000085400000, 0x0000000085500000|  0%| F|  |TAMS 0x0000000085400000, 0x0000000085400000| Untracked 
|  85|0x0000000085500000, 0x0000000085500000, 0x0000000085600000|  0%| F|  |TAMS 0x0000000085500000, 0x0000000085500000| Untracked 
|  86|0x0000000085600000, 0x0000000085600000, 0x0000000085700000|  0%| F|  |TAMS 0x0000000085600000, 0x0000000085600000| Untracked 
|  87|0x0000000085700000, 0x0000000085700000, 0x0000000085800000|  0%| F|  |TAMS 0x0000000085700000, 0x0000000085700000| Untracked 
|  88|0x0000000085800000, 0x0000000085800000, 0x0000000085900000|  0%| F|  |TAMS 0x0000000085800000, 0x0000000085800000| Untracked 
|  89|0x0000000085900000, 0x0000000085a00000, 0x0000000085a00000|100%| E|CS|TAMS 0x0000000085900000, 0x0000000085a00000| Complete 
|  90|0x0000000085a00000, 0x0000000085b00000, 0x0000000085b00000|100%| E|CS|TAMS 0x0000000085a00000, 0x0000000085b00000| Complete 
|  91|0x0000000085b00000, 0x0000000085c00000, 0x0000000085c00000|100%| E|CS|TAMS 0x0000000085b00000, 0x0000000085c00000| Complete 
|  92|0x0000000085c00000, 0x0000000085d00000, 0x0000000085d00000|100%| E|CS|TAMS 0x0000000085c00000, 0x0000000085d00000| Complete 
|  93|0x0000000085d00000, 0x0000000085e00000, 0x0000000085e00000|100%| E|CS|TAMS 0x0000000085d00000, 0x0000000085e00000| Complete 
|  94|0x0000000085e00000, 0x0000000085e00000, 0x0000000085f00000|  0%| F|  |TAMS 0x0000000085e00000, 0x0000000085e00000| Untracked 
|  95|0x0000000085f00000, 0x0000000085f00000, 0x0000000086000000|  0%| F|  |TAMS 0x0000000085f00000, 0x0000000085f00000| Untracked 
|  96|0x0000000086000000, 0x0000000086000000, 0x0000000086100000|  0%| F|  |TAMS 0x0000000086000000, 0x0000000086000000| Untracked 
|  97|0x0000000086100000, 0x0000000086100000, 0x0000000086200000|  0%| F|  |TAMS 0x0000000086100000, 0x0000000086100000| Untracked 
|  98|0x0000000086200000, 0x0000000086200000, 0x0000000086300000|  0%| F|  |TAMS 0x0000000086200000, 0x0000000086200000| Untracked 
|  99|0x0000000086300000, 0x0000000086300000, 0x0000000086400000|  0%| F|  |TAMS 0x0000000086300000, 0x0000000086300000| Untracked 
| 100|0x0000000086400000, 0x0000000086400000, 0x0000000086500000|  0%| F|  |TAMS 0x0000000086400000, 0x0000000086400000| Untracked 
| 101|0x0000000086500000, 0x0000000086500000, 0x0000000086600000|  0%| F|  |TAMS 0x0000000086500000, 0x0000000086500000| Untracked 
| 102|0x0000000086600000, 0x0000000086683140, 0x0000000086700000| 51%| S|  |TAMS 0x0000000086600000, 0x0000000086600000| Complete 
| 103|0x0000000086700000, 0x0000000086800000, 0x0000000086800000|100%| E|CS|TAMS 0x0000000086700000, 0x0000000086800000| Complete 
| 104|0x0000000086800000, 0x0000000086900000, 0x0000000086900000|100%| E|CS|TAMS 0x0000000086800000, 0x0000000086900000| Complete 
| 105|0x0000000086900000, 0x0000000086a00000, 0x0000000086a00000|100%| E|CS|TAMS 0x0000000086900000, 0x0000000086a00000| Complete 
| 106|0x0000000086a00000, 0x0000000086b00000, 0x0000000086b00000|100%| E|CS|TAMS 0x0000000086a00000, 0x0000000086b00000| Complete 
| 107|0x0000000086b00000, 0x0000000086c00000, 0x0000000086c00000|100%| E|CS|TAMS 0x0000000086b00000, 0x0000000086c00000| Complete 
| 108|0x0000000086c00000, 0x0000000086d00000, 0x0000000086d00000|100%| E|CS|TAMS 0x0000000086c00000, 0x0000000086d00000| Complete 
| 109|0x0000000086d00000, 0x0000000086e00000, 0x0000000086e00000|100%| E|CS|TAMS 0x0000000086d00000, 0x0000000086e00000| Complete 
| 110|0x0000000086e00000, 0x0000000086f00000, 0x0000000086f00000|100%| E|CS|TAMS 0x0000000086e00000, 0x0000000086f00000| Complete 
| 111|0x0000000086f00000, 0x0000000087000000, 0x0000000087000000|100%| E|CS|TAMS 0x0000000086f00000, 0x0000000087000000| Complete 
| 112|0x0000000087000000, 0x0000000087100000, 0x0000000087100000|100%| E|CS|TAMS 0x0000000087000000, 0x0000000087100000| Complete 
| 113|0x0000000087100000, 0x0000000087200000, 0x0000000087200000|100%| E|CS|TAMS 0x0000000087100000, 0x0000000087200000| Complete 
| 114|0x0000000087200000, 0x0000000087300000, 0x0000000087300000|100%| E|CS|TAMS 0x0000000087200000, 0x0000000087300000| Complete 
| 115|0x0000000087300000, 0x0000000087400000, 0x0000000087400000|100%| E|CS|TAMS 0x0000000087300000, 0x0000000087400000| Complete 
| 116|0x0000000087400000, 0x0000000087500000, 0x0000000087500000|100%| E|CS|TAMS 0x0000000087400000, 0x0000000087500000| Complete 
| 117|0x0000000087500000, 0x0000000087600000, 0x0000000087600000|100%| E|CS|TAMS 0x0000000087500000, 0x0000000087600000| Complete 
| 118|0x0000000087600000, 0x0000000087700000, 0x0000000087700000|100%| E|CS|TAMS 0x0000000087600000, 0x0000000087700000| Complete 
| 119|0x0000000087700000, 0x0000000087800000, 0x0000000087800000|100%| E|CS|TAMS 0x0000000087700000, 0x0000000087800000| Complete 
| 120|0x0000000087800000, 0x0000000087900000, 0x0000000087900000|100%| E|CS|TAMS 0x0000000087800000, 0x0000000087900000| Complete 
| 121|0x0000000087900000, 0x0000000087a00000, 0x0000000087a00000|100%| E|CS|TAMS 0x0000000087900000, 0x0000000087a00000| Complete 
| 122|0x0000000087a00000, 0x0000000087b00000, 0x0000000087b00000|100%| E|CS|TAMS 0x0000000087a00000, 0x0000000087b00000| Complete 
| 123|0x0000000087b00000, 0x0000000087c00000, 0x0000000087c00000|100%| E|CS|TAMS 0x0000000087b00000, 0x0000000087c00000| Complete 
| 124|0x0000000087c00000, 0x0000000087d00000, 0x0000000087d00000|100%| E|CS|TAMS 0x0000000087c00000, 0x0000000087d00000| Complete 
| 125|0x0000000087d00000, 0x0000000087e00000, 0x0000000087e00000|100%| E|CS|TAMS 0x0000000087d00000, 0x0000000087e00000| Complete 
| 126|0x0000000087e00000, 0x0000000087f00000, 0x0000000087f00000|100%| E|CS|TAMS 0x0000000087e00000, 0x0000000087f00000| Complete 
| 127|0x0000000087f00000, 0x0000000088000000, 0x0000000088000000|100%| E|CS|TAMS 0x0000000087f00000, 0x0000000088000000| Complete 
| 128|0x0000000088000000, 0x0000000088100000, 0x0000000088100000|100%| E|CS|TAMS 0x0000000088000000, 0x0000000088100000| Complete 
| 129|0x0000000088100000, 0x0000000088200000, 0x0000000088200000|100%| E|CS|TAMS 0x0000000088100000, 0x0000000088200000| Complete 
| 130|0x0000000088200000, 0x0000000088300000, 0x0000000088300000|100%| E|CS|TAMS 0x0000000088200000, 0x0000000088300000| Complete 

Card table byte_map: [0x000001dafc0d0000,0x000001dafc4d0000] _byte_map_base: 0x000001dafbcd0000

Marking Bits (Prev, Next): (CMBitMap*) 0x000001dae8bff6a8, (CMBitMap*) 0x000001dae8bff6e0
 Prev Bits: [0x000001dafc8d0000, 0x000001dafe8d0000)
 Next Bits: [0x000001da80000000, 0x000001da82000000)

Polling page: 0x000001dae7380000

Metaspace:

Usage:
  Non-class:     54.43 MB capacity,    53.29 MB ( 98%) used,   996.16 KB (  2%) free+waste,   168.56 KB ( <1%) overhead. 
      Class:      8.41 MB capacity,     7.80 MB ( 93%) used,   549.94 KB (  6%) free+waste,    79.81 KB ( <1%) overhead. 
       Both:     62.84 MB capacity,    61.09 MB ( 97%) used,     1.51 MB (  2%) free+waste,   248.38 KB ( <1%) overhead. 

Virtual space:
  Non-class space:       56.00 MB reserved,      54.50 MB ( 97%) committed 
      Class space:        1.00 GB reserved,       8.50 MB ( <1%) committed 
             Both:        1.05 GB reserved,      63.00 MB (  6%) committed 

Chunk freelists:
   Non-Class:  7.00 KB
       Class:  25.00 KB
        Both:  32.00 KB

MaxMetaspaceSize: 17179869184.00 GB
CompressedClassSpaceSize: 1.00 GB

CodeHeap 'non-profiled nmethods': size=120064Kb used=3007Kb max_used=3007Kb free=117056Kb
 bounds [0x000001daf4170000, 0x000001daf4460000, 0x000001dafb6b0000]
CodeHeap 'profiled nmethods': size=120000Kb used=14079Kb max_used=14079Kb free=105920Kb
 bounds [0x000001daecc40000, 0x000001daeda00000, 0x000001daf4170000]
CodeHeap 'non-nmethods': size=5696Kb used=2240Kb max_used=2279Kb free=3455Kb
 bounds [0x000001daec6b0000, 0x000001daec920000, 0x000001daecc40000]
 total_blobs=7584 nmethods=6746 adapters=750
 compilation: enabled
              stopped_count=0, restarted_count=0
 full_count=0

Compilation events (20 events):
Event: 30.257 Thread 0x000001dafef54000 6822       1       org.gradle.internal.instantiation.generator.AbstractClassGenerator$MethodMetadata::getGenericReturnType (5 bytes)
Event: 30.258 Thread 0x000001dafef54000 nmethod 6822 0x000001daf4453690 code [0x000001daf4453840, 0x000001daf44538f8]
Event: 30.277 Thread 0x000001dafef4b000 nmethod 6615 0x000001daf4453990 code [0x000001daf4453f60, 0x000001daf445b0a8]
Event: 30.277 Thread 0x000001dafef4b000 6649       4       sun.util.locale.LocaleUtils::caseIgnoreMatch (73 bytes)
Event: 30.280 Thread 0x000001dafef54000 6823       3       javax.management.ObjectName::setCanonicalName (251 bytes)
Event: 30.282 Thread 0x000001dafef54000 nmethod 6823 0x000001daed9fa110 code [0x000001daed9fa3e0, 0x000001daed9fb578]
Event: 30.287 Thread 0x000001dafef4b000 nmethod 6649 0x000001daf445ec10 code [0x000001daf445ede0, 0x000001daf445f0f8]
Event: 30.287 Thread 0x000001dafef4b000 6707       4       org.apache.xerces.util.XMLChar::isContent (35 bytes)
Event: 30.290 Thread 0x000001dafef4b000 nmethod 6707 0x000001daf445f390 code [0x000001daf445f520, 0x000001daf445f5b8]
Event: 30.290 Thread 0x000001dafef4b000 6613       4       org.objectweb.asm.SymbolTable::hash (10 bytes)
Event: 30.296 Thread 0x000001dafef4b000 nmethod 6613 0x000001daf445f690 code [0x000001daf445f820, 0x000001daf445f9f8]
Event: 30.297 Thread 0x000001dafef4b000 6796       4       java.lang.Integer::rotateLeft (9 bytes)
Event: 30.297 Thread 0x000001dafef4b000 nmethod 6796 0x000001daf445fb90 code [0x000001daf445fd20, 0x000001daf445fd78]
Event: 30.297 Thread 0x000001dafef4b000 6616   !   4       java.net.URLClassLoader$1::run (63 bytes)
Event: 30.384 Thread 0x000001dafef54000 6824       2       java.security.SecureClassLoader::defineClass (16 bytes)
Event: 30.384 Thread 0x000001dafef54000 nmethod 6824 0x000001daed9fbc10 code [0x000001daed9fbde0, 0x000001daed9fbf38]
Event: 30.397 Thread 0x000001dafef54000 6825       2       jdk.internal.loader.Resource::getByteBuffer (24 bytes)
Event: 30.397 Thread 0x000001dafef54000 nmethod 6825 0x000001daed9fc010 code [0x000001daed9fc1e0, 0x000001daed9fc5f8]
Event: 30.438 Thread 0x000001dafef54000 6827       3       kotlin.jvm.internal.Intrinsics::checkParameterIsNotNull (9 bytes)
Event: 30.439 Thread 0x000001dafef54000 nmethod 6827 0x000001daed9fc710 code [0x000001daed9fc920, 0x000001daed9fcdf8]

GC Heap History (20 events):
Event: 10.760 GC heap before
{Heap before GC invocations=19 (full 0):
 garbage-first heap   total 92160K, used 73088K [0x0000000080000000, 0x0000000100000000)
  region size 1024K, 25 young (25600K), 4 survivors (4096K)
 Metaspace       used 44629K, capacity 45801K, committed 46080K, reserved 1089536K
  class space    used 5845K, capacity 6293K, committed 6400K, reserved 1048576K
}
Event: 10.775 GC heap after
{Heap after GC invocations=20 (full 0):
 garbage-first heap   total 92160K, used 52434K [0x0000000080000000, 0x0000000100000000)
  region size 1024K, 3 young (3072K), 3 survivors (3072K)
 Metaspace       used 44629K, capacity 45801K, committed 46080K, reserved 1089536K
  class space    used 5845K, capacity 6293K, committed 6400K, reserved 1048576K
}
Event: 10.949 GC heap before
{Heap before GC invocations=21 (full 0):
 garbage-first heap   total 92160K, used 73938K [0x0000000080000000, 0x0000000100000000)
  region size 1024K, 24 young (24576K), 3 survivors (3072K)
 Metaspace       used 44633K, capacity 45801K, committed 46080K, reserved 1089536K
  class space    used 5845K, capacity 6293K, committed 6400K, reserved 1048576K
}
Event: 10.959 GC heap after
{Heap after GC invocations=22 (full 0):
 garbage-first heap   total 110592K, used 53145K [0x0000000080000000, 0x0000000100000000)
  region size 1024K, 2 young (2048K), 2 survivors (2048K)
 Metaspace       used 44633K, capacity 45801K, committed 46080K, reserved 1089536K
  class space    used 5845K, capacity 6293K, committed 6400K, reserved 1048576K
}
Event: 11.490 GC heap before
{Heap before GC invocations=22 (full 0):
 garbage-first heap   total 110592K, used 81817K [0x0000000080000000, 0x0000000100000000)
  region size 1024K, 30 young (30720K), 2 survivors (2048K)
 Metaspace       used 45168K, capacity 46442K, committed 46592K, reserved 1089536K
  class space    used 5914K, capacity 6379K, committed 6400K, reserved 1048576K
}
Event: 11.502 GC heap after
{Heap after GC invocations=23 (full 0):
 garbage-first heap   total 110592K, used 53683K [0x0000000080000000, 0x0000000100000000)
  region size 1024K, 3 young (3072K), 3 survivors (3072K)
 Metaspace       used 45168K, capacity 46442K, committed 46592K, reserved 1089536K
  class space    used 5914K, capacity 6379K, committed 6400K, reserved 1048576K
}
Event: 13.365 GC heap before
{Heap before GC invocations=24 (full 0):
 garbage-first heap   total 110592K, used 83379K [0x0000000080000000, 0x0000000100000000)
  region size 1024K, 32 young (32768K), 3 survivors (3072K)
 Metaspace       used 47783K, capacity 49284K, committed 49536K, reserved 1091584K
  class space    used 6198K, capacity 6742K, committed 6784K, reserved 1048576K
}
Event: 13.391 GC heap after
{Heap after GC invocations=25 (full 0):
 garbage-first heap   total 110592K, used 56119K [0x0000000080000000, 0x0000000100000000)
  region size 1024K, 4 young (4096K), 4 survivors (4096K)
 Metaspace       used 47783K, capacity 49284K, committed 49536K, reserved 1091584K
  class space    used 6198K, capacity 6742K, committed 6784K, reserved 1048576K
}
Event: 13.617 GC heap before
{Heap before GC invocations=25 (full 0):
 garbage-first heap   total 110592K, used 63287K [0x0000000080000000, 0x0000000100000000)
  region size 1024K, 13 young (13312K), 4 survivors (4096K)
 Metaspace       used 48428K, capacity 49892K, committed 50048K, reserved 1093632K
  class space    used 6265K, capacity 6774K, committed 6784K, reserved 1048576K
}
Event: 13.639 GC heap after
{Heap after GC invocations=26 (full 0):
 garbage-first heap   total 110592K, used 58161K [0x0000000080000000, 0x0000000100000000)
  region size 1024K, 4 young (4096K), 4 survivors (4096K)
 Metaspace       used 48428K, capacity 49892K, committed 50048K, reserved 1093632K
  class space    used 6265K, capacity 6774K, committed 6784K, reserved 1048576K
}
Event: 14.217 GC heap before
{Heap before GC invocations=27 (full 0):
 garbage-first heap   total 110592K, used 80689K [0x0000000080000000, 0x0000000100000000)
  region size 1024K, 25 young (25600K), 4 survivors (4096K)
 Metaspace       used 50170K, capacity 51651K, committed 51712K, reserved 1093632K
  class space    used 6375K, capacity 6889K, committed 6912K, reserved 1048576K
}
Event: 14.231 GC heap after
{Heap after GC invocations=28 (full 0):
 garbage-first heap   total 134144K, used 58662K [0x0000000080000000, 0x0000000100000000)
  region size 1024K, 3 young (3072K), 3 survivors (3072K)
 Metaspace       used 50170K, capacity 51651K, committed 51712K, reserved 1093632K
  class space    used 6375K, capacity 6889K, committed 6912K, reserved 1048576K
}
Event: 14.970 GC heap before
{Heap before GC invocations=28 (full 0):
 garbage-first heap   total 134144K, used 89382K [0x0000000080000000, 0x0000000100000000)
  region size 1024K, 33 young (33792K), 3 survivors (3072K)
 Metaspace       used 52178K, capacity 53716K, committed 53888K, reserved 1095680K
  class space    used 6703K, capacity 7239K, committed 7296K, reserved 1048576K
}
Event: 14.983 GC heap after
{Heap after GC invocations=29 (full 0):
 garbage-first heap   total 134144K, used 60219K [0x0000000080000000, 0x0000000100000000)
  region size 1024K, 4 young (4096K), 4 survivors (4096K)
 Metaspace       used 52178K, capacity 53716K, committed 53888K, reserved 1095680K
  class space    used 6703K, capacity 7239K, committed 7296K, reserved 1048576K
}
Event: 16.466 GC heap before
{Heap before GC invocations=29 (full 0):
 garbage-first heap   total 134144K, used 92987K [0x0000000080000000, 0x0000000100000000)
  region size 1024K, 36 young (36864K), 4 survivors (4096K)
 Metaspace       used 54296K, capacity 55948K, committed 56064K, reserved 1097728K
  class space    used 7019K, capacity 7576K, committed 7680K, reserved 1048576K
}
Event: 16.478 GC heap after
{Heap after GC invocations=30 (full 0):
 garbage-first heap   total 134144K, used 61797K [0x0000000080000000, 0x0000000100000000)
  region size 1024K, 4 young (4096K), 4 survivors (4096K)
 Metaspace       used 54296K, capacity 55948K, committed 56064K, reserved 1097728K
  class space    used 7019K, capacity 7576K, committed 7680K, reserved 1048576K
}
Event: 28.666 GC heap before
{Heap before GC invocations=30 (full 0):
 garbage-first heap   total 134144K, used 86373K [0x0000000080000000, 0x0000000100000000)
  region size 1024K, 29 young (29696K), 4 survivors (4096K)
 Metaspace       used 55303K, capacity 57036K, committed 57216K, reserved 1099776K
  class space    used 7103K, capacity 7693K, committed 7808K, reserved 1048576K
}
Event: 28.681 GC heap after
{Heap after GC invocations=31 (full 0):
 garbage-first heap   total 134144K, used 63800K [0x0000000080000000, 0x0000000100000000)
  region size 1024K, 3 young (3072K), 3 survivors (3072K)
 Metaspace       used 55303K, capacity 57036K, committed 57216K, reserved 1099776K
  class space    used 7103K, capacity 7693K, committed 7808K, reserved 1048576K
}
Event: 29.497 GC heap before
{Heap before GC invocations=32 (full 0):
 garbage-first heap   total 134144K, used 104760K [0x0000000080000000, 0x0000000100000000)
  region size 1024K, 37 young (37888K), 3 survivors (3072K)
 Metaspace       used 58068K, capacity 59667K, committed 59776K, reserved 1101824K
  class space    used 7456K, capacity 8011K, committed 8064K, reserved 1048576K
}
Event: 29.531 GC heap after
{Heap after GC invocations=33 (full 0):
 garbage-first heap   total 134144K, used 77598K [0x0000000080000000, 0x0000000100000000)
  region size 1024K, 5 young (5120K), 5 survivors (5120K)
 Metaspace       used 58068K, capacity 59667K, committed 59776K, reserved 1101824K
  class space    used 7456K, capacity 8011K, committed 8064K, reserved 1048576K
}

Deoptimization events (20 events):
Event: 29.336 Thread 0x000001da85a24800 DEOPT PACKING pc=0x000001daf42d276c sp=0x0000002b4b1f83a0
Event: 29.336 Thread 0x000001da85a24800 DEOPT UNPACKING pc=0x000001daec6d6ca9 sp=0x0000002b4b1f8320 mode 2
Event: 29.382 Thread 0x000001da85a24800 DEOPT PACKING pc=0x000001daed98f829 sp=0x0000002b4b1f6e30
Event: 29.382 Thread 0x000001da85a24800 DEOPT UNPACKING pc=0x000001daec6d6abf sp=0x0000002b4b1f6340 mode 0
Event: 29.433 Thread 0x000001da85a24800 DEOPT PACKING pc=0x000001daed98f829 sp=0x0000002b4b1f6fc0
Event: 29.434 Thread 0x000001da85a24800 DEOPT UNPACKING pc=0x000001daec6d6abf sp=0x0000002b4b1f64d0 mode 0
Event: 29.677 Thread 0x000001da85a24800 Uncommon trap: trap_request=0xffffff4d fr.pc=0x000001daf42a8e70 relative=0x0000000000000290
Event: 29.677 Thread 0x000001da85a24800 Uncommon trap: reason=unstable_if action=reinterpret pc=0x000001daf42a8e70 method=jdk.internal.org.objectweb.asm.Type.getArgumentsAndReturnSizes(Ljava/lang/String;)I @ 136 c2
Event: 29.677 Thread 0x000001da85a24800 DEOPT PACKING pc=0x000001daf42a8e70 sp=0x0000002b4b1f5bc0
Event: 29.677 Thread 0x000001da85a24800 DEOPT UNPACKING pc=0x000001daec6d6ca9 sp=0x0000002b4b1f5b58 mode 2
Event: 29.677 Thread 0x000001da85a24800 Uncommon trap: trap_request=0xffffff4d fr.pc=0x000001daf42896b8 relative=0x0000000000000338
Event: 29.677 Thread 0x000001da85a24800 Uncommon trap: reason=unstable_if action=reinterpret pc=0x000001daf42896b8 method=jdk.internal.org.objectweb.asm.Type.getArgumentsAndReturnSizes(Ljava/lang/String;)I @ 130 c2
Event: 29.677 Thread 0x000001da85a24800 DEOPT PACKING pc=0x000001daf42896b8 sp=0x0000002b4b1f59e0
Event: 29.677 Thread 0x000001da85a24800 DEOPT UNPACKING pc=0x000001daec6d6ca9 sp=0x0000002b4b1f5988 mode 2
Event: 30.069 Thread 0x000001da85a24800 DEOPT PACKING pc=0x000001daed98f829 sp=0x0000002b4b1f7410
Event: 30.070 Thread 0x000001da85a24800 DEOPT UNPACKING pc=0x000001daec6d6abf sp=0x0000002b4b1f6920 mode 0
Event: 30.097 Thread 0x000001da85a24800 DEOPT PACKING pc=0x000001daed98f829 sp=0x0000002b4b1f7ed0
Event: 30.097 Thread 0x000001da85a24800 DEOPT UNPACKING pc=0x000001daec6d6abf sp=0x0000002b4b1f73e0 mode 0
Event: 30.257 Thread 0x000001da85a24800 DEOPT PACKING pc=0x000001daed98f829 sp=0x0000002b4b1f8070
Event: 30.257 Thread 0x000001da85a24800 DEOPT UNPACKING pc=0x000001daec6d6abf sp=0x0000002b4b1f7580 mode 0

Classes redefined (0 events):
No events

Internal exceptions (20 events):
Event: 28.914 Thread 0x000001da85a24800 Exception <a 'java/lang/ClassNotFoundException'{0x0000000087a3cea0}: org/gradle/api/DefaultTaskBeanInfo> (0x0000000087a3cea0) thrown at [./src/hotspot/share/classfile/systemDictionary.cpp, line 231]
Event: 28.915 Thread 0x000001da85a24800 Exception <a 'java/lang/ClassNotFoundException'{0x0000000087a69a88}: org/gradle/api/internal/AbstractTaskBeanInfo> (0x0000000087a69a88) thrown at [./src/hotspot/share/classfile/systemDictionary.cpp, line 231]
Event: 28.916 Thread 0x000001da85a24800 Exception <a 'java/lang/ClassNotFoundException'{0x0000000087a96960}: org/gradle/api/internal/AbstractTaskCustomizer> (0x0000000087a96960) thrown at [./src/hotspot/share/classfile/systemDictionary.cpp, line 231]
Event: 28.920 Thread 0x000001da85a24800 Exception <a 'java/lang/ClassNotFoundException'{0x0000000087907f18}: org/gradle/api/DefaultTaskCustomizer> (0x0000000087907f18) thrown at [./src/hotspot/share/classfile/systemDictionary.cpp, line 231]
Event: 28.925 Thread 0x000001da85a24800 Exception <a 'java/lang/ClassNotFoundException'{0x0000000087988d10}: org/gradle/api/internal/ConventionTaskCustomizer> (0x0000000087988d10) thrown at [./src/hotspot/share/classfile/systemDictionary.cpp, line 231]
Event: 28.927 Thread 0x000001da85a24800 Exception <a 'java/lang/ClassNotFoundException'{0x00000000879c0c58}: org/gradle/api/tasks/DeleteCustomizer> (0x00000000879c0c58) thrown at [./src/hotspot/share/classfile/systemDictionary.cpp, line 231]
Event: 28.929 Thread 0x000001da85a24800 Exception <a 'java/lang/ClassNotFoundException'{0x0000000087800168}: org/gradle/api/tasks/Delete_DecoratedCustomizer> (0x0000000087800168) thrown at [./src/hotspot/share/classfile/systemDictionary.cpp, line 231]
Event: 28.970 Thread 0x000001da85710800 Exception <a 'sun/nio/fs/WindowsException'{0x0000000087713048}> (0x0000000087713048) thrown at [./src/hotspot/share/prims/jni.cpp, line 615]
Event: 28.998 Thread 0x000001da85710800 Exception <a 'sun/nio/fs/WindowsException'{0x000000008776a550}> (0x000000008776a550) thrown at [./src/hotspot/share/prims/jni.cpp, line 615]
Event: 28.999 Thread 0x000001da85710800 Exception <a 'sun/nio/fs/WindowsException'{0x000000008776a6c0}> (0x000000008776a6c0) thrown at [./src/hotspot/share/prims/jni.cpp, line 615]
Event: 29.035 Thread 0x000001da85a24800 Exception <a 'java/lang/ClassNotFoundException'{0x00000000877a2e78}: build_393mn3q963czskeur3a0v4zmbBeanInfo> (0x00000000877a2e78) thrown at [./src/hotspot/share/classfile/systemDictionary.cpp, line 231]
Event: 29.035 Thread 0x000001da85a24800 Exception <a 'java/lang/ClassNotFoundException'{0x00000000877adda0}: build_393mn3q963czskeur3a0v4zmbCustomizer> (0x00000000877adda0) thrown at [./src/hotspot/share/classfile/systemDictionary.cpp, line 231]
Event: 29.046 Thread 0x000001da85a24800 Exception <a 'java/lang/ClassNotFoundException'{0x0000000087632d88}: org/gradle/plugin/use/internal/PluginRequestCollector$PluginDependenciesSpecImplBeanInfo> (0x0000000087632d88) thrown at [./src/hotspot/share/classfile/systemDictionary.cpp, line 231]
Event: 29.047 Thread 0x000001da85a24800 Exception <a 'java/lang/ClassNotFoundException'{0x0000000087660c38}: org/gradle/plugin/use/internal/PluginRequestCollector$PluginDependenciesSpecImplCustomizer> (0x0000000087660c38) thrown at [./src/hotspot/share/classfile/systemDictionary.cpp, line 231]
Event: 29.286 Thread 0x000001da85a24800 Exception <a 'java/lang/NoSuchMethodError'{0x0000000086a70ff8}: 'java.lang.Object java.lang.invoke.DirectMethodHandle$Holder.invokeStatic(java.lang.Object, java.lang.Object, java.lang.Object, java.lang.Object, int)'> (0x0000000086a70ff8) thrown at [./src/hotspot/share/interpreter/linkResolver.cpp, line 773]
Event: 29.287 Thread 0x000001da85a24800 Exception <a 'java/lang/NoSuchMethodError'{0x0000000086a759f0}: 'java.lang.Object java.lang.invoke.DirectMethodHandle$Holder.invokeSpecial(java.lang.Object, java.lang.Object, java.lang.Object, java.lang.Object, java.lang.Object, int)'> (0x0000000086a759f0) thrown at [./src/hotspot/share/interpreter/linkResolver.cpp, line 773]
Event: 29.287 Thread 0x000001da85a24800 Exception <a 'java/lang/NoSuchMethodError'{0x0000000086a7a030}: 'java.lang.Object java.lang.invoke.Invokers$Holder.linkToTargetMethod(java.lang.Object, java.lang.Object, java.lang.Object, int, java.lang.Object)'> (0x0000000086a7a030) thrown at [./src/hotspot/share/interpreter/linkResolver.cpp, line 773]
Event: 29.674 Thread 0x000001da85a24800 Exception <a 'java/lang/NoSuchMethodError'{0x0000000087d4c020}: 'java.lang.Object java.lang.invoke.DirectMethodHandle$Holder.invokeSpecial(java.lang.Object, java.lang.Object, int, int, java.lang.Object, java.lang.Object, java.lang.Object)'> (0x0000000087d4c020) thrown at [./src/hotspot/share/interpreter/linkResolver.cpp, line 773]
Event: 29.675 Thread 0x000001da85a24800 Exception <a 'java/lang/NoSuchMethodError'{0x0000000087d505a0}: 'java.lang.Object java.lang.invoke.DelegatingMethodHandle$Holder.reinvoke_L(java.lang.Object, int, int, java.lang.Object, java.lang.Object, java.lang.Object)'> (0x0000000087d505a0) thrown at [./src/hotspot/share/interpreter/linkResolver.cpp, line 773]
Event: 30.166 Thread 0x000001da85a24800 Exception <a 'java/lang/NoSuchMethodError'{0x00000000871590e0}: 'int java.lang.invoke.DirectMethodHandle$Holder.invokeInterface(java.lang.Object, java.lang.Object, java.lang.Object, java.lang.Object)'> (0x00000000871590e0) thrown at [./src/hotspot/share/interpreter/linkResolver.cpp, line 773]

Events (20 events):
Event: 30.450 loading class com/android/tools/analytics/CommonMetricsData$GarbageCollectionStatsDiffs
Event: 30.450 loading class com/android/tools/analytics/CommonMetricsData$GarbageCollectionStatsDiffs done
Event: 30.451 loading class com/google/wireless/android/sdk/stats/GarbageCollectionStats$1
Event: 30.451 loading class com/google/wireless/android/sdk/stats/GarbageCollectionStats$1 done
Event: 30.453 loading class com/google/wireless/android/sdk/stats/GarbageCollectionStats$Builder
Event: 30.453 loading class com/google/wireless/android/sdk/stats/GarbageCollectionStats$Builder done
Event: 30.455 loading class com/google/protobuf/Internal
Event: 30.455 loading class com/google/protobuf/Internal done
Event: 30.457 loading class com/google/protobuf/CodedInputStream
Event: 30.457 loading class com/google/protobuf/CodedInputStream done
Event: 30.459 loading class com/google/protobuf/CodedInputStream$ArrayDecoder
Event: 30.459 loading class com/google/protobuf/CodedInputStream$ArrayDecoder done
Event: 30.461 loading class com/google/protobuf/CodedInputStream$StreamDecoder
Event: 30.461 loading class com/google/protobuf/CodedInputStream$StreamDecoder done
Event: 30.462 loading class com/google/protobuf/IterableByteBufferInputStream
Event: 30.462 loading class com/google/protobuf/IterableByteBufferInputStream done
Event: 30.462 loading class com/google/protobuf/CodedInputStream$IterableDirectByteBufferDecoder
Event: 30.462 loading class com/google/protobuf/CodedInputStream$IterableDirectByteBufferDecoder done
Event: 30.463 loading class com/google/protobuf/CodedInputStream$UnsafeDirectNioDecoder
Event: 30.463 loading class com/google/protobuf/CodedInputStream$UnsafeDirectNioDecoder done


Dynamic libraries:
0x00007ff6b2080000 - 0x00007ff6b208a000 	D:\New folder\jre\bin\java.exe
0x00007ffebf4f0000 - 0x00007ffebf6e5000 	C:\WINDOWS\SYSTEM32\ntdll.dll
0x00007ffebdfc0000 - 0x00007ffebe07d000 	C:\WINDOWS\System32\KERNEL32.DLL
0x00007ffebcdc0000 - 0x00007ffebd089000 	C:\WINDOWS\System32\KERNELBASE.dll
0x00007ffebd0e0000 - 0x00007ffebd1e0000 	C:\WINDOWS\System32\ucrtbase.dll
0x00007ffeb5240000 - 0x00007ffeb5257000 	D:\New folder\jre\bin\VCRUNTIME140.dll
0x00007ffeb6780000 - 0x00007ffeb6799000 	D:\New folder\jre\bin\jli.dll
0x00007ffebea20000 - 0x00007ffebebc0000 	C:\WINDOWS\System32\USER32.dll
0x00007ffebd440000 - 0x00007ffebd462000 	C:\WINDOWS\System32\win32u.dll
0x00007ffeaa840000 - 0x00007ffeaaada000 	C:\WINDOWS\WinSxS\amd64_microsoft.windows.common-controls_6595b64144ccf1df_6.0.19041.1110_none_60b5254171f9507e\COMCTL32.dll
0x00007ffebe2a0000 - 0x00007ffebe2ca000 	C:\WINDOWS\System32\GDI32.dll
0x00007ffebe740000 - 0x00007ffebe7de000 	C:\WINDOWS\System32\msvcrt.dll
0x00007ffebccb0000 - 0x00007ffebcdbb000 	C:\WINDOWS\System32\gdi32full.dll
0x00007ffebd1e0000 - 0x00007ffebd27d000 	C:\WINDOWS\System32\msvcp_win.dll
0x00007ffebe2f0000 - 0x00007ffebe320000 	C:\WINDOWS\System32\IMM32.DLL
0x00007ffe8e540000 - 0x00007ffe8e5dd000 	D:\New folder\jre\bin\msvcp140.dll
0x00007ffe4c3a0000 - 0x00007ffe4ce6f000 	D:\New folder\jre\bin\server\jvm.dll
0x00007ffebe690000 - 0x00007ffebe73c000 	C:\WINDOWS\System32\ADVAPI32.dll
0x00007ffebe320000 - 0x00007ffebe3bb000 	C:\WINDOWS\System32\sechost.dll
0x00007ffebe420000 - 0x00007ffebe54a000 	C:\WINDOWS\System32\RPCRT4.dll
0x00007ffebe200000 - 0x00007ffebe208000 	C:\WINDOWS\System32\PSAPI.DLL
0x00007ffeb6bc0000 - 0x00007ffeb6bc9000 	C:\WINDOWS\SYSTEM32\WSOCK32.dll
0x00007ffea1c50000 - 0x00007ffea1c77000 	C:\WINDOWS\SYSTEM32\WINMM.dll
0x00007ffebe7e0000 - 0x00007ffebe84b000 	C:\WINDOWS\System32\WS2_32.dll
0x00007ffeb5010000 - 0x00007ffeb501a000 	C:\WINDOWS\SYSTEM32\VERSION.dll
0x00007ffebabc0000 - 0x00007ffebabd2000 	C:\WINDOWS\SYSTEM32\kernel.appcore.dll
0x00007ffeadc20000 - 0x00007ffeadc31000 	D:\New folder\jre\bin\verify.dll
0x00007ffeba740000 - 0x00007ffeba924000 	C:\WINDOWS\SYSTEM32\DBGHELP.DLL
0x00007ffea3510000 - 0x00007ffea353c000 	C:\WINDOWS\SYSTEM32\dbgcore.DLL
0x00007ffebcc20000 - 0x00007ffebcca3000 	C:\WINDOWS\System32\bcryptPrimitives.dll
0x00007ffe9bf00000 - 0x00007ffe9bf29000 	D:\New folder\jre\bin\java.dll
0x00007ffeb6610000 - 0x00007ffeb661b000 	D:\New folder\jre\bin\jimage.dll
0x00007ffea5f80000 - 0x00007ffea5f98000 	D:\New folder\jre\bin\zip.dll
0x00007ffebed70000 - 0x00007ffebf4af000 	C:\WINDOWS\System32\SHELL32.dll
0x00007ffebad30000 - 0x00007ffebb4c0000 	C:\WINDOWS\SYSTEM32\windows.storage.dll
0x00007ffebd550000 - 0x00007ffebd8a5000 	C:\WINDOWS\System32\combase.dll
0x00007ffebc5b0000 - 0x00007ffebc5dc000 	C:\WINDOWS\SYSTEM32\Wldp.dll
0x00007ffebe850000 - 0x00007ffebe8fe000 	C:\WINDOWS\System32\SHCORE.dll
0x00007ffebdf60000 - 0x00007ffebdfb5000 	C:\WINDOWS\System32\shlwapi.dll
0x00007ffebcb60000 - 0x00007ffebcb7f000 	C:\WINDOWS\SYSTEM32\profapi.dll
0x00007ffe9cb40000 - 0x00007ffe9cb5a000 	D:\New folder\jre\bin\net.dll
0x00007ffeaab80000 - 0x00007ffeaac88000 	C:\WINDOWS\SYSTEM32\WINHTTP.dll
0x00007ffebc310000 - 0x00007ffebc37a000 	C:\WINDOWS\system32\mswsock.dll
0x00007ffe9bee0000 - 0x00007ffe9bef4000 	D:\New folder\jre\bin\nio.dll
0x00007ffe99d60000 - 0x00007ffe99d87000 	C:\Users\Pro\.gradle\native\8bec1ad78214c89d9ad589b4d07fe93259594b29d510b10fafb7a158f7737e5d\windows-amd64\native-platform.dll
0x00007ffe664c0000 - 0x00007ffe665fd000 	C:\Users\Pro\.gradle\native\53dbd7edfb1c66fb8903c78663c9afc45aea4f116125fa6feffd364cf09443e8\windows-amd64\native-platform-file-events.dll
0x00007ffeb62c0000 - 0x00007ffeb62ca000 	D:\New folder\jre\bin\management.dll
0x00007ffeaa160000 - 0x00007ffeaa16c000 	D:\New folder\jre\bin\management_ext.dll
0x00007ffebc510000 - 0x00007ffebc528000 	C:\WINDOWS\SYSTEM32\CRYPTSP.dll
0x00007ffebbc90000 - 0x00007ffebbcc4000 	C:\WINDOWS\system32\rsaenh.dll
0x00007ffebd470000 - 0x00007ffebd497000 	C:\WINDOWS\System32\bcrypt.dll
0x00007ffebcb20000 - 0x00007ffebcb4e000 	C:\WINDOWS\SYSTEM32\USERENV.dll
0x00007ffebc500000 - 0x00007ffebc50c000 	C:\WINDOWS\SYSTEM32\CRYPTBASE.dll
0x00007ffebc000000 - 0x00007ffebc03b000 	C:\WINDOWS\SYSTEM32\IPHLPAPI.DLL
0x00007ffebe290000 - 0x00007ffebe298000 	C:\WINDOWS\System32\NSI.dll
0x00007ffead2f0000 - 0x00007ffead307000 	C:\WINDOWS\SYSTEM32\dhcpcsvc6.DLL
0x00007ffeadec0000 - 0x00007ffeadedd000 	C:\WINDOWS\SYSTEM32\dhcpcsvc.DLL
0x00007ffebc040000 - 0x00007ffebc10c000 	C:\WINDOWS\SYSTEM32\DNSAPI.dll

dbghelp: loaded successfully - version: 4.0.5 - missing functions: none
symbol engine: initialized successfully - sym options: 0x614 - pdb path: .;D:\New folder\jre\bin;C:\WINDOWS\SYSTEM32;C:\WINDOWS\WinSxS\amd64_microsoft.windows.common-controls_6595b64144ccf1df_6.0.19041.1110_none_60b5254171f9507e;D:\New folder\jre\bin\server;C:\Users\Pro\.gradle\native\8bec1ad78214c89d9ad589b4d07fe93259594b29d510b10fafb7a158f7737e5d\windows-amd64;C:\Users\Pro\.gradle\native\53dbd7edfb1c66fb8903c78663c9afc45aea4f116125fa6feffd364cf09443e8\windows-amd64

VM Arguments:
jvm_args: --add-opens=java.base/java.util=ALL-UNNAMED --add-opens=java.base/java.lang=ALL-UNNAMED --add-opens=java.base/java.lang.invoke=ALL-UNNAMED --add-opens=java.base/java.util=ALL-UNNAMED --add-opens=java.prefs/java.util.prefs=ALL-UNNAMED --add-opens=java.prefs/java.util.prefs=ALL-UNNAMED --add-opens=java.base/java.nio.charset=ALL-UNNAMED --add-opens=java.base/java.net=ALL-UNNAMED --add-opens=java.base/java.util.concurrent.atomic=ALL-UNNAMED -Xmx2048m -Dfile.encoding=UTF-8 -Duser.country=ID -Duser.language=en -Duser.variant 
java_command: org.gradle.launcher.daemon.bootstrap.GradleDaemon 7.0.2
java_class_path (initial): C:\Users\Pro\.gradle\wrapper\dists\gradle-7.0.2-bin\857tjihv64xamwrf0h14cai3r\gradle-7.0.2\lib\gradle-launcher-7.0.2.jar
Launcher Type: SUN_STANDARD

[Global flags]
     intx CICompilerCount                          = 3                                         {product} {ergonomic}
     uint ConcGCThreads                            = 1                                         {product} {ergonomic}
     uint G1ConcRefinementThreads                  = 4                                         {product} {ergonomic}
   size_t G1HeapRegionSize                         = 1048576                                   {product} {ergonomic}
    uintx GCDrainStackTargetSize                   = 64                                        {product} {ergonomic}
   size_t InitialHeapSize                          = 65011712                                  {product} {ergonomic}
   size_t MarkStackSize                            = 4194304                                   {product} {ergonomic}
   size_t MaxHeapSize                              = 2147483648                                {product} {command line}
   size_t MaxNewSize                               = 1287651328                                {product} {ergonomic}
   size_t MinHeapDeltaBytes                        = 1048576                                   {product} {ergonomic}
    uintx NonNMethodCodeHeapSize                   = 5830732                                {pd product} {ergonomic}
    uintx NonProfiledCodeHeapSize                  = 122913754                              {pd product} {ergonomic}
    uintx ProfiledCodeHeapSize                     = 122913754                              {pd product} {ergonomic}
    uintx ReservedCodeCacheSize                    = 251658240                              {pd product} {ergonomic}
     bool SegmentedCodeCache                       = true                                      {product} {ergonomic}
     bool UseCompressedClassPointers               = true                                 {lp64_product} {ergonomic}
     bool UseCompressedOops                        = true                                 {lp64_product} {ergonomic}
     bool UseG1GC                                  = true                                      {product} {ergonomic}
     bool UseLargePagesIndividualAllocation        = false                                  {pd product} {ergonomic}

Logging:
Log output configuration:
 #0: stdout all=warning uptime,level,tags
 #1: stderr all=off uptime,level,tags

Environment Variables:
PATH=C:\Program Files (x86)\Common Files\Intel\Shared Files\cpp\bin\Intel64;C:\WINDOWS\system32;C:\WINDOWS;C:\WINDOWS\System32\Wbem;C:\WINDOWS\System32\WindowsPowerShell\v1.0\;C:\WINDOWS\System32\OpenSSH\;C:\Program Files\Git\cmd;C:\composer;C:\Users\Pro\AppData\Local\Microsoft\WindowsApps;C:\Users\Pro\AppData\Local\Programs\Microsoft VS Code\bin;C:\Users\Pro\AppData\Local\GitHubDesktop\bin;C:\xampp\php;C:\Users\Pro\AppData\Roaming\Composer\vendor\bin
USERNAME=Pro
OS=Windows_NT
PROCESSOR_IDENTIFIER=Intel64 Family 6 Model 122 Stepping 8, GenuineIntel



---------------  S Y S T E M  ---------------

OS: Windows 10 , 64 bit Build 19041 (10.0.19041.1151)
OS uptime: 0 days 3:24 hours

CPU:total 4 (initial active 4) (4 cores per cpu, 1 threads per core) family 6 model 122 stepping 8 microcode 0xc, cmov, cx8, fxsr, mmx, sse, sse2, sse3, ssse3, sse4.1, sse4.2, popcnt, aes, clmul, erms, 3dnowpref, tsc, tscinvbit, sha

Memory: 4k page, system-wide physical 3899M (183M free)
TotalPageFile size 11323M (AvailPageFile size 6549M)
current process WorkingSet (physical memory assigned to process): 193M, peak: 225M
current process commit charge ("private bytes"): 371M, peak: 371M

vm_info: OpenJDK 64-Bit Server VM (11.0.10+0-b96-7249189) for windows-amd64 JRE (11.0.10+0-b96-7249189), built on Mar 31 2021 21:44:00 by "builder" with MS VC++ 14.0 (VS2015)

END.
